[2025-06-29 20:37:02] [INFO] [ai.api_extractor.nodes.LoadbackendFiles] Cloning repository: https://github.com/tiangolo/full-stack-fastapi-postgresql (branch: default)...
[2025-06-29 20:37:06] [INFO] [ai.api_extractor.nodes.LoadbackendFiles] Repo cloned successfully to: C:\Users\atul1\AppData\Local\Temp\cloned_repo_fh3v00iz
[2025-06-29 20:37:07] [INFO] [ai.api_extractor.nodes.LoadbackendFiles] Loaded 74 backend files from cloned repo.
[2025-06-29 20:38:10] [INFO] [ai.api_extractor.nodes.LoadbackendFiles] Cloning repository: https://github.com/tiangolo/full-stack-fastapi-postgresql (branch: default)...
[2025-06-29 20:38:12] [INFO] [ai.api_extractor.nodes.LoadbackendFiles] Repo cloned successfully to: C:\Users\atul1\AppData\Local\Temp\cloned_repo_3itu51n3
[2025-06-29 20:38:12] [INFO] [ai.api_extractor.nodes.LoadbackendFiles] Loaded 74 backend files from cloned repo.
[2025-06-29 20:41:21] [INFO] [ai.api_extractor.nodes.LoadbackendFiles] Cloning repository: https://github.com/tiangolo/full-stack-fastapi-postgresql (branch: default)...
[2025-06-29 20:41:24] [INFO] [ai.api_extractor.nodes.LoadbackendFiles] Repo cloned successfully to: C:\Users\atul1\AppData\Local\Temp\cloned_repo_sh2fjjsb
[2025-06-29 20:41:24] [INFO] [ai.api_extractor.nodes.LoadbackendFiles] Loaded 74 backend files from cloned repo.
[2025-06-30 21:20:07] [INFO] [ai.api_extractor.nodes.LoadbackendFiles] Cloning repository: https://github.com/tiangolo/full-stack-fastapi-postgresql (branch: default)...
[2025-06-30 21:20:09] [INFO] [ai.api_extractor.nodes.LoadbackendFiles] Repo cloned successfully to: C:\Users\atul1\AppData\Local\Temp\cloned_repo_6uvwknpa
[2025-06-30 21:20:10] [INFO] [ai.api_extractor.nodes.LoadbackendFiles] Loaded 74 backend files from cloned repo.
[2025-06-30 21:20:27] [INFO] [ai.api_extractor.nodes.LoadbackendFiles] Cloning repository: https://github.com/tiangolo/full-stack-fastapi-postgresql (branch: default)...
[2025-06-30 21:20:29] [INFO] [ai.api_extractor.nodes.LoadbackendFiles] Repo cloned successfully to: C:\Users\atul1\AppData\Local\Temp\cloned_repo_0o3ui3md
[2025-06-30 21:20:29] [INFO] [ai.api_extractor.nodes.LoadbackendFiles] Loaded 74 backend files from cloned repo.
[2025-06-30 21:34:42] [INFO] [ai.api_extractor.nodes.LoadbackendFiles] Cloning repository: https://github.com/tiangolo/full-stack-fastapi-postgresql (branch: default)...
[2025-06-30 21:34:43] [INFO] [ai.api_extractor.nodes.LoadbackendFiles] Repo cloned successfully to: C:\Users\atul1\AppData\Local\Temp\cloned_repo_2hiwry2t
[2025-06-30 21:34:44] [INFO] [ai.api_extractor.nodes.LoadbackendFiles] Loaded 74 backend files from cloned repo.
[2025-06-30 21:41:13] [INFO] [ai.api_extractor.nodes.LoadbackendFiles] Cloning repository: https://github.com/tiangolo/full-stack-fastapi-postgresql (branch: default)...
[2025-06-30 21:41:15] [INFO] [ai.api_extractor.nodes.LoadbackendFiles] Repo cloned successfully to: C:\Users\atul1\AppData\Local\Temp\cloned_repo_saty48v5
[2025-06-30 21:41:16] [INFO] [ai.api_extractor.nodes.LoadbackendFiles] Loaded 74 backend files from cloned repo.
[2025-06-30 21:42:02] [INFO] [ai.api_extractor.nodes.LoadbackendFiles] Cloning repository: https://github.com/tiangolo/full-stack-fastapi-postgresql (branch: default)...
[2025-06-30 21:42:04] [INFO] [ai.api_extractor.nodes.LoadbackendFiles] Repo cloned successfully to: C:\Users\atul1\AppData\Local\Temp\cloned_repo_up2pdb1a
[2025-06-30 21:42:04] [INFO] [ai.api_extractor.nodes.LoadbackendFiles] Loaded 74 backend files from cloned repo.
[2025-06-30 21:43:21] [INFO] [ai.api_extractor.nodes.LoadbackendFiles] Cloning repository: https://github.com/tiangolo/full-stack-fastapi-postgresql (branch: default)...
[2025-06-30 21:43:23] [INFO] [ai.api_extractor.nodes.LoadbackendFiles] Repo cloned successfully to: C:\Users\atul1\AppData\Local\Temp\cloned_repo_fkb4f98w
[2025-06-30 21:43:23] [INFO] [ai.api_extractor.nodes.LoadbackendFiles] Loaded 74 backend files from cloned repo.
[2025-06-30 21:47:32] [INFO] [ai.api_extractor.nodes.LoadbackendFiles] Cloning repository: https://github.com/tiangolo/full-stack-fastapi-postgresql (branch: default)...
[2025-06-30 21:47:34] [INFO] [ai.api_extractor.nodes.LoadbackendFiles] Repo cloned successfully to: C:\Users\atul1\AppData\Local\Temp\cloned_repo_l5d46dpb
[2025-06-30 21:47:34] [INFO] [ai.api_extractor.nodes.LoadbackendFiles] Loaded 74 backend files from cloned repo.
[2025-06-30 21:49:13] [INFO] [ai.api_extractor.nodes.LoadbackendFiles] Cloning repository: https://github.com/tiangolo/full-stack-fastapi-postgresql (branch: default)...
[2025-06-30 21:49:15] [INFO] [ai.api_extractor.nodes.LoadbackendFiles] Repo cloned successfully to: C:\Users\atul1\AppData\Local\Temp\cloned_repo_m2rs1i9v
[2025-06-30 21:49:15] [INFO] [ai.api_extractor.nodes.LoadbackendFiles] Loaded 74 backend files from cloned repo.
[2025-06-30 22:13:29] [INFO] [ai.api_extractor.nodes.LoadbackendFiles] Cloning repository: https://github.com/tiangolo/full-stack-fastapi-postgresql (branch: default)...
[2025-06-30 22:13:31] [INFO] [ai.api_extractor.nodes.LoadbackendFiles] Repo cloned successfully to: C:\Users\atul1\AppData\Local\Temp\cloned_repo_jevakb69
[2025-06-30 22:13:31] [INFO] [ai.api_extractor.nodes.LoadbackendFiles] Loaded 74 backend files from cloned repo.
[2025-06-30 22:25:48] [INFO] [ai.api_extractor.nodes.LoadbackendFiles] Cloning repository: https://github.com/tiangolo/full-stack-fastapi-postgresql (branch: default)...
[2025-06-30 22:25:50] [INFO] [ai.api_extractor.nodes.LoadbackendFiles] Repo cloned successfully to: C:\Users\atul1\AppData\Local\Temp\cloned_repo_w1537b93
[2025-06-30 22:25:50] [INFO] [ai.api_extractor.nodes.LoadbackendFiles] Loaded 74 backend files from cloned repo.
[2025-06-30 22:27:42] [INFO] [ai.api_extractor.nodes.LoadbackendFiles] Cloning repository: https://github.com/tiangolo/full-stack-fastapi-postgresql (branch: default)...
[2025-06-30 22:27:43] [INFO] [ai.api_extractor.nodes.LoadbackendFiles] Repo cloned successfully to: C:\Users\atul1\AppData\Local\Temp\cloned_repo_g7fyowq_
[2025-06-30 22:27:44] [INFO] [ai.api_extractor.nodes.LoadbackendFiles] Loaded 74 backend files from cloned repo.
[2025-06-30 22:28:37] [INFO] [ai.api_extractor.nodes.LoadbackendFiles] Cloning repository: https://github.com/tiangolo/full-stack-fastapi-postgresql (branch: default)...
[2025-06-30 22:28:38] [INFO] [ai.api_extractor.nodes.LoadbackendFiles] Repo cloned successfully to: C:\Users\atul1\AppData\Local\Temp\cloned_repo_a1v41dnz
[2025-06-30 22:28:39] [INFO] [ai.api_extractor.nodes.LoadbackendFiles] Loaded 74 backend files from cloned repo.
[2025-06-30 22:33:03] [INFO] [ai.api_extractor.nodes.LoadbackendFiles] Cloning repository: https://github.com/tiangolo/full-stack-fastapi-postgresql (branch: default)...
[2025-06-30 22:33:05] [INFO] [ai.api_extractor.nodes.LoadbackendFiles] Repo cloned successfully to: C:\Users\atul1\AppData\Local\Temp\cloned_repo_j_bo09f1
[2025-06-30 22:33:05] [INFO] [ai.api_extractor.nodes.LoadbackendFiles] Loaded 74 backend files from cloned repo.
[2025-06-30 22:34:35] [INFO] [ai.api_extractor.nodes.LoadbackendFiles] Cloning repository: https://github.com/tiangolo/full-stack-fastapi-postgresql (branch: default)...
[2025-06-30 22:34:37] [INFO] [ai.api_extractor.nodes.LoadbackendFiles] Repo cloned successfully to: C:\Users\atul1\AppData\Local\Temp\cloned_repo_f9gbre4a
[2025-06-30 22:34:37] [INFO] [ai.api_extractor.nodes.LoadbackendFiles] Loaded 74 backend files from cloned repo.
[2025-06-30 22:35:47] [INFO] [ai.api_extractor.nodes.LoadbackendFiles] Cloning repository: https://github.com/tiangolo/full-stack-fastapi-postgresql (branch: default)...
[2025-06-30 22:35:49] [INFO] [ai.api_extractor.nodes.LoadbackendFiles] Repo cloned successfully to: C:\Users\atul1\AppData\Local\Temp\cloned_repo_y2pnc7eh
[2025-06-30 22:35:49] [INFO] [ai.api_extractor.nodes.LoadbackendFiles] Loaded 74 backend files from cloned repo.
[2025-06-30 22:37:22] [INFO] [ai.api_extractor.nodes.LoadbackendFiles] Cloning repository: https://github.com/tiangolo/full-stack-fastapi-postgresql (branch: default)...
[2025-06-30 22:37:24] [INFO] [ai.api_extractor.nodes.LoadbackendFiles] Repo cloned successfully to: C:\Users\atul1\AppData\Local\Temp\cloned_repo_ffn0rdhb
[2025-06-30 22:37:24] [INFO] [ai.api_extractor.nodes.LoadbackendFiles] Loaded 74 backend files from cloned repo.
[2025-06-30 22:40:08] [INFO] [ai.api_extractor.nodes.LoadbackendFiles] Cloning repository: https://github.com/tiangolo/full-stack-fastapi-postgresql (branch: default)...
[2025-06-30 22:40:09] [INFO] [ai.api_extractor.nodes.LoadbackendFiles] Repo cloned successfully to: C:\Users\atul1\AppData\Local\Temp\cloned_repo_zng5j9z5
[2025-06-30 22:40:10] [INFO] [ai.api_extractor.nodes.LoadbackendFiles] Loaded 74 backend files from cloned repo.
[2025-06-30 22:41:04] [INFO] [ai.api_extractor.nodes.LoadbackendFiles] Cloning repository: https://github.com/tiangolo/full-stack-fastapi-postgresql (branch: default)...
[2025-06-30 22:41:06] [INFO] [ai.api_extractor.nodes.LoadbackendFiles] Repo cloned successfully to: C:\Users\atul1\AppData\Local\Temp\cloned_repo_92q6gzer
[2025-06-30 22:41:07] [INFO] [ai.api_extractor.nodes.LoadbackendFiles] Loaded 74 backend files from cloned repo.
[2025-06-30 22:43:09] [INFO] [ai.api_extractor.nodes.LoadbackendFiles] Cloning repository: https://github.com/tiangolo/full-stack-fastapi-postgresql (branch: default)...
[2025-06-30 22:43:11] [INFO] [ai.api_extractor.nodes.LoadbackendFiles] Repo cloned successfully to: C:\Users\atul1\AppData\Local\Temp\cloned_repo_07xyfyz9
[2025-06-30 22:43:11] [INFO] [ai.api_extractor.nodes.LoadbackendFiles] Loaded 74 backend files from cloned repo.
[2025-06-30 22:44:31] [INFO] [ai.api_extractor.nodes.LoadbackendFiles] Cloning repository: https://github.com/tiangolo/full-stack-fastapi-postgresql (branch: default)...
[2025-06-30 22:44:39] [INFO] [ai.api_extractor.nodes.LoadbackendFiles] Repo cloned successfully to: C:\Users\atul1\AppData\Local\Temp\cloned_repo_cc0_375_
[2025-06-30 22:44:39] [INFO] [ai.api_extractor.nodes.LoadbackendFiles] Loaded 74 backend files from cloned repo.
[2025-07-01 10:54:58] [INFO] [ai.api_extractor.nodes.LoadbackendFiles] Cloning repository: https://github.com/tiangolo/full-stack-fastapi-postgresql (branch: default)...
[2025-07-01 10:55:00] [INFO] [ai.api_extractor.nodes.LoadbackendFiles] Repo cloned successfully to: C:\Users\atul1\AppData\Local\Temp\cloned_repo_2aitd7xo
[2025-07-01 10:55:01] [INFO] [ai.api_extractor.nodes.LoadbackendFiles] Loaded 74 backend files from cloned repo.
[2025-07-01 10:57:08] [INFO] [ai.api_extractor.nodes.LoadbackendFiles] Cloning repository: https://github.com/tiangolo/full-stack-fastapi-postgresql (branch: default)...
[2025-07-01 10:57:11] [INFO] [ai.api_extractor.nodes.LoadbackendFiles] Repo cloned successfully to: C:\Users\atul1\AppData\Local\Temp\cloned_repo_c2ow8v28
[2025-07-01 10:57:11] [INFO] [ai.api_extractor.nodes.LoadbackendFiles] Loaded 74 backend files from cloned repo.
[2025-07-01 10:58:19] [INFO] [ai.api_extractor.nodes.LoadbackendFiles] Cloning repository: https://github.com/tiangolo/full-stack-fastapi-postgresql (branch: default)...
[2025-07-01 10:58:22] [INFO] [ai.api_extractor.nodes.LoadbackendFiles] Repo cloned successfully to: C:\Users\atul1\AppData\Local\Temp\cloned_repo_w199ufp9
[2025-07-01 10:58:22] [INFO] [ai.api_extractor.nodes.LoadbackendFiles] Loaded 74 backend files from cloned repo.
[2025-07-01 10:59:44] [INFO] [ai.api_extractor.nodes.LoadbackendFiles] Cloning repository: https://github.com/tiangolo/full-stack-fastapi-postgresql (branch: default)...
[2025-07-01 10:59:46] [INFO] [ai.api_extractor.nodes.LoadbackendFiles] Repo cloned successfully to: C:\Users\atul1\AppData\Local\Temp\cloned_repo_x6ro1qu7
[2025-07-01 10:59:46] [INFO] [ai.api_extractor.nodes.LoadbackendFiles] Loaded 74 backend files from cloned repo.
[2025-07-01 11:01:18] [INFO] [ai.api_extractor.nodes.LoadbackendFiles] Cloning repository: https://github.com/tiangolo/full-stack-fastapi-postgresql (branch: default)...
[2025-07-01 11:01:19] [INFO] [ai.api_extractor.nodes.LoadbackendFiles] Repo cloned successfully to: C:\Users\atul1\AppData\Local\Temp\cloned_repo_urirut62
[2025-07-01 11:01:20] [INFO] [ai.api_extractor.nodes.LoadbackendFiles] Loaded 74 backend files from cloned repo.
[2025-07-01 11:02:35] [INFO] [ai.api_extractor.nodes.LoadbackendFiles] Cloning repository: https://github.com/tiangolo/full-stack-fastapi-postgresql (branch: default)...
[2025-07-01 11:02:37] [INFO] [ai.api_extractor.nodes.LoadbackendFiles] Repo cloned successfully to: C:\Users\atul1\AppData\Local\Temp\cloned_repo_ccrc64vk
[2025-07-01 11:02:38] [INFO] [ai.api_extractor.nodes.LoadbackendFiles] Loaded 74 backend files from cloned repo.
[2025-07-01 11:04:37] [INFO] [ai.api_extractor.nodes.LoadbackendFiles] Cloning repository: https://github.com/tiangolo/full-stack-fastapi-postgresql (branch: default)...
[2025-07-01 11:04:39] [INFO] [ai.api_extractor.nodes.LoadbackendFiles] Repo cloned successfully to: C:\Users\atul1\AppData\Local\Temp\cloned_repo_q4af1bg4
[2025-07-01 11:04:39] [INFO] [ai.api_extractor.nodes.LoadbackendFiles] Loaded 74 backend files from cloned repo.
[2025-07-01 11:07:41] [INFO] [ai.api_extractor.nodes.LoadbackendFiles] Cloning repository: https://github.com/tiangolo/full-stack-fastapi-postgresql (branch: default)...
[2025-07-01 11:07:43] [INFO] [ai.api_extractor.nodes.LoadbackendFiles] Repo cloned successfully to: C:\Users\atul1\AppData\Local\Temp\cloned_repo_puefhkyi
[2025-07-01 11:07:43] [INFO] [ai.api_extractor.nodes.LoadbackendFiles] Loaded 74 backend files from cloned repo.
[2025-07-01 11:09:17] [INFO] [ai.api_extractor.nodes.LoadbackendFiles] Cloning repository: https://github.com/tiangolo/full-stack-fastapi-postgresql (branch: default)...
[2025-07-01 11:09:19] [INFO] [ai.api_extractor.nodes.LoadbackendFiles] Repo cloned successfully to: C:\Users\atul1\AppData\Local\Temp\cloned_repo_h09i6guu
[2025-07-01 11:09:19] [INFO] [ai.api_extractor.nodes.LoadbackendFiles] Loaded 74 backend files from cloned repo.
[2025-07-01 11:10:57] [INFO] [ai.api_extractor.nodes.LoadbackendFiles] Cloning repository: https://github.com/tiangolo/full-stack-fastapi-postgresql (branch: default)...
[2025-07-01 11:10:59] [INFO] [ai.api_extractor.nodes.LoadbackendFiles] Repo cloned successfully to: C:\Users\atul1\AppData\Local\Temp\cloned_repo_cn_wbror
[2025-07-01 11:10:59] [INFO] [ai.api_extractor.nodes.LoadbackendFiles] Loaded 74 backend files from cloned repo.
[2025-07-01 11:11:54] [INFO] [ai.api_extractor.nodes.LoadbackendFiles] Cloning repository: https://github.com/tiangolo/full-stack-fastapi-postgresql (branch: default)...
[2025-07-01 11:11:56] [INFO] [ai.api_extractor.nodes.LoadbackendFiles] Repo cloned successfully to: C:\Users\atul1\AppData\Local\Temp\cloned_repo_hz33nr88
[2025-07-01 11:11:57] [INFO] [ai.api_extractor.nodes.LoadbackendFiles] Loaded 74 backend files from cloned repo.
[2025-07-01 12:43:40] [INFO] [ai.api_extractor.nodes.LoadbackendFiles] Cloning repository: https://github.com/tiangolo/full-stack-fastapi-postgresql (branch: default)...
[2025-07-01 12:43:42] [INFO] [ai.api_extractor.nodes.LoadbackendFiles] Repo cloned successfully to: C:\Users\atul1\AppData\Local\Temp\cloned_repo_9w4cdc4j
[2025-07-01 12:43:42] [INFO] [ai.api_extractor.nodes.LoadbackendFiles] Loaded 74 backend files from cloned repo.
[2025-07-01 14:08:13] [INFO] [ai.api_extractor.nodes.LoadbackendFiles] Cloning repository: https://github.com/tiangolo/full-stack-fastapi-postgresql (branch: default)...
[2025-07-01 14:08:15] [INFO] [ai.api_extractor.nodes.LoadbackendFiles] Repo cloned successfully to: C:\Users\atul1\AppData\Local\Temp\cloned_repo_zasaeiqq
[2025-07-01 14:08:15] [INFO] [ai.api_extractor.nodes.LoadbackendFiles] Loaded 74 backend files from cloned repo.
[2025-07-01 14:09:12] [INFO] [ai.api_extractor.nodes.LoadbackendFiles] Cloning repository: https://github.com/tiangolo/full-stack-fastapi-postgresql (branch: default)...
[2025-07-01 14:09:15] [INFO] [ai.api_extractor.nodes.LoadbackendFiles] Repo cloned successfully to: C:\Users\atul1\AppData\Local\Temp\cloned_repo_2jwdnm5y
[2025-07-01 14:09:15] [INFO] [ai.api_extractor.nodes.LoadbackendFiles] Loaded 74 backend files from cloned repo.
[2025-07-01 14:09:52] [INFO] [ai.api_extractor.nodes.LoadbackendFiles] Cloning repository: https://github.com/tiangolo/full-stack-fastapi-postgresql (branch: default)...
[2025-07-01 14:09:54] [INFO] [ai.api_extractor.nodes.LoadbackendFiles] Repo cloned successfully to: C:\Users\atul1\AppData\Local\Temp\cloned_repo_1k55m0b3
[2025-07-01 14:09:55] [INFO] [ai.api_extractor.nodes.LoadbackendFiles] Loaded 74 backend files from cloned repo.
[2025-07-01 14:10:10] [INFO] [ai.api_extractor.nodes.LoadbackendFiles] Cloning repository: https://github.com/tiangolo/full-stack-fastapi-postgresql (branch: default)...
[2025-07-01 14:10:12] [INFO] [ai.api_extractor.nodes.LoadbackendFiles] Repo cloned successfully to: C:\Users\atul1\AppData\Local\Temp\cloned_repo_yyg2a_bw
[2025-07-01 14:10:12] [INFO] [ai.api_extractor.nodes.LoadbackendFiles] Loaded 74 backend files from cloned repo.
[2025-07-01 14:24:26] [INFO] [ai.api_extractor.nodes.LoadbackendFiles] Cloning repository: https://github.com/tiangolo/full-stack-fastapi-postgresql (branch: default)...
[2025-07-01 14:24:28] [INFO] [ai.api_extractor.nodes.LoadbackendFiles] Repo cloned successfully to: C:\Users\atul1\AppData\Local\Temp\cloned_repo_sma129mu
[2025-07-01 14:24:28] [INFO] [ai.api_extractor.nodes.LoadbackendFiles] Loaded 74 backend files from cloned repo.
[2025-07-01 14:35:58] [INFO] [ai.api_extractor.nodes.LoadbackendFiles] Cloning repository: https://github.com/aksxy007/instagreet-mern (branch: default)...
[2025-07-01 14:36:00] [INFO] [ai.api_extractor.nodes.LoadbackendFiles] Repo cloned successfully to: C:\Users\atul1\AppData\Local\Temp\cloned_repo_paofti62
[2025-07-01 14:36:00] [INFO] [ai.api_extractor.nodes.LoadbackendFiles] Loaded 24 backend files from cloned repo.
[2025-07-05 21:00:52] [INFO] [ai.api_extractor.nodes.LoadbackendFiles] Cloning repository: https://github.com/aksxy007/instagreet-mern (branch: default)...
[2025-07-05 21:01:02] [INFO] [ai.api_extractor.nodes.LoadbackendFiles] Repo cloned successfully to: C:\Users\atul1\AppData\Local\Temp\cloned_repo_wkzrse4e
[2025-07-05 21:01:02] [INFO] [ai.api_extractor.nodes.LoadbackendFiles] Loaded 24 backend files from cloned repo.
