[2025-07-05 16:25:27] [INFO] [ai.api_doc_builder.doc_generator] Starting graph invocation...
[2025-07-05 16:25:27] [INFO] [ai.api_doc_builder.doc_generator] Graph invocation completed successfully.
[2025-07-05 16:25:27] [WARNING] [ai.api_doc_builder.doc_generator] No API Docs available in the state.
[2025-07-05 16:26:42] [INFO] [ai.api_doc_builder.doc_generator] Starting graph invocation...
[2025-07-05 16:26:42] [INFO] [ai.api_doc_builder.doc_generator] Graph invocation completed successfully.
[2025-07-05 16:26:42] [WARNING] [ai.api_doc_builder.doc_generator] No API Docs available in the state.
[2025-07-05 16:27:43] [INFO] [ai.api_doc_builder.doc_generator] Starting graph invocation...
[2025-07-05 16:28:09] [ERROR] [ai.api_doc_builder.doc_generator] Graph invocation failed: 'dict' object has no attribute 'metrics'
[2025-07-05 16:30:34] [INFO] [ai.api_doc_builder.doc_generator] Starting graph invocation...
[2025-07-05 16:31:03] [ERROR] [ai.api_doc_builder.doc_generator] Graph invocation failed: 'metrics'
[2025-07-05 19:33:36] [INFO] [ai.api_doc_builder.doc_generator] Starting graph invocation...
[2025-07-05 19:33:36] [ERROR] [ai.api_doc_builder.doc_generator] Graph invocation failed: 'BuilderGraphState' object has no attribute 'get'
[2025-07-05 19:34:24] [INFO] [ai.api_doc_builder.doc_generator] Starting graph invocation...
[2025-07-05 19:34:50] [INFO] [ai.api_doc_builder.doc_generator] Graph invocation completed successfully.
[2025-07-05 19:34:50] [WARNING] [ai.api_doc_builder.doc_generator] No API Docs available in the state.
[2025-07-05 19:36:54] [INFO] [ai.api_doc_builder.doc_generator] Starting graph invocation...
[2025-07-05 19:37:30] [INFO] [ai.api_doc_builder.doc_generator] Graph invocation completed successfully.
[2025-07-05 19:37:30] [WARNING] [ai.api_doc_builder.doc_generator] No API Docs available in the state.
[2025-07-05 19:42:14] [INFO] [ai.api_doc_builder.doc_generator] Starting graph invocation...
[2025-07-05 19:42:38] [INFO] [ai.api_doc_builder.doc_generator] Graph invocation completed successfully.
[2025-07-05 19:42:38] [WARNING] [ai.api_doc_builder.doc_generator] No API Docs available in the state.
[2025-07-05 19:45:48] [INFO] [ai.api_doc_builder.doc_generator] Starting graph invocation...
[2025-07-05 19:46:14] [INFO] [ai.api_doc_builder.doc_generator] Graph invocation completed successfully.
[2025-07-05 19:46:14] [WARNING] [ai.api_doc_builder.doc_generator] No API Docs available in the state.
[2025-07-05 19:49:10] [INFO] [ai.api_doc_builder.doc_generator] Starting graph invocation...
[2025-07-05 19:49:51] [INFO] [ai.api_doc_builder.doc_generator] Graph invocation completed successfully.
[2025-07-05 19:49:51] [WARNING] [ai.api_doc_builder.doc_generator] No API Docs available in the state.
[2025-07-05 19:52:21] [INFO] [ai.api_doc_builder.doc_generator] Starting graph invocation...
[2025-07-05 19:52:50] [INFO] [ai.api_doc_builder.doc_generator] Graph invocation completed successfully.
[2025-07-05 19:52:50] [WARNING] [ai.api_doc_builder.doc_generator] No API Docs available in the state.
[2025-07-05 19:57:13] [INFO] [ai.api_doc_builder.doc_generator] Starting graph invocation...
[2025-07-05 19:57:40] [INFO] [ai.api_doc_builder.doc_generator] Graph invocation completed successfully.
[2025-07-05 20:40:55] [INFO] [ai.api_doc_builder.doc_generator] Starting graph invocation...
[2025-07-05 20:41:16] [INFO] [ai.api_doc_builder.doc_generator] Graph invocation completed successfully.
[2025-07-05 20:41:16] [WARNING] [ai.api_doc_builder.doc_generator] No API Docs available in the state.
[2025-07-05 20:51:47] [INFO] [ai.api_doc_builder.doc_generator] Starting graph invocation...
[2025-07-05 20:52:11] [ERROR] [ai.api_doc_builder.doc_generator] Graph invocation failed: 'str' object has no attribute 'get'
[2025-07-05 20:52:19] [INFO] [ai.api_doc_builder.doc_generator] Starting graph invocation...
[2025-07-05 20:52:21] [ERROR] [ai.api_doc_builder.doc_generator] Graph invocation failed: 'str' object has no attribute 'get'
[2025-07-05 21:02:45] [INFO] [ai.api_doc_builder.doc_generator] Starting graph invocation...
[2025-07-05 21:03:00] [ERROR] [ai.api_doc_builder.doc_generator] Graph invocation failed: 'str' object has no attribute 'get'
[2025-07-05 21:06:26] [INFO] [ai.api_doc_builder.doc_generator] Starting graph invocation...
[2025-07-05 21:06:43] [INFO] [ai.api_doc_builder.doc_generator] Graph invocation completed successfully.
[2025-07-05 21:06:43] [WARNING] [ai.api_doc_builder.doc_generator] No API Docs available in the state.
[2025-07-05 21:07:32] [INFO] [ai.api_doc_builder.doc_generator] Starting graph invocation...
[2025-07-05 21:07:49] [INFO] [ai.api_doc_builder.doc_generator] Graph invocation completed successfully.
[2025-07-05 21:07:49] [WARNING] [ai.api_doc_builder.doc_generator] No API Docs available in the state.
[2025-07-05 21:08:58] [INFO] [ai.api_doc_builder.doc_generator] Starting graph invocation...
[2025-07-05 21:09:14] [INFO] [ai.api_doc_builder.doc_generator] Graph invocation completed successfully.
[2025-07-05 21:09:14] [WARNING] [ai.api_doc_builder.doc_generator] No API Docs available in the state.
[2025-07-05 21:16:35] [INFO] [ai.api_doc_builder.doc_generator] Starting graph invocation...
[2025-07-05 21:16:49] [INFO] [ai.api_doc_builder.doc_generator] Graph invocation completed successfully.
[2025-07-05 21:16:49] [WARNING] [ai.api_doc_builder.doc_generator] No API Docs available in the state.
[2025-07-05 21:25:55] [INFO] [ai.api_doc_builder.doc_generator] Starting graph invocation...
[2025-07-05 21:26:09] [INFO] [ai.api_doc_builder.doc_generator] Graph invocation completed successfully.
[2025-07-05 21:26:09] [WARNING] [ai.api_doc_builder.doc_generator] No API Docs available in the state.
[2025-07-05 21:27:11] [INFO] [ai.api_doc_builder.doc_generator] Starting graph invocation...
[2025-07-05 21:27:25] [INFO] [ai.api_doc_builder.doc_generator] Graph invocation completed successfully.
[2025-07-05 21:27:25] [WARNING] [ai.api_doc_builder.doc_generator] No API Docs available in the state.
[2025-07-05 21:29:19] [INFO] [ai.api_doc_builder.doc_generator] Starting graph invocation...
[2025-07-05 21:29:32] [INFO] [ai.api_doc_builder.doc_generator] Graph invocation completed successfully.
[2025-07-05 21:29:32] [WARNING] [ai.api_doc_builder.doc_generator] No API Docs available in the state.
